{"uid":"11c688499049fa7a","name":"POST /projects","fullName":"tests.4 test_projects.test_projects#test_9_create_project_with_invalid_post_task_day_count","historyId":"0859b335481691564e3a675a9940c022","time":{"start":1694356248322,"stop":1694356248380,"duration":58},"status":"failed","statusMessage":"AssertionError: assert 201 == 400\n +  where 201 = <Response [201]>.status_code","statusTrace":"login_projects = <requests.sessions.Session object at 0x000001F8F37D7F10>\npost_task_day_count = -10\n\n    @allure.title(\"POST /projects\")\n    @pytest.mark.parametrize(\"post_task_day_count\", invalid_post_task_day_count)\n    def test_9_create_project_with_invalid_post_task_day_count(\n        login_projects, post_task_day_count\n    ):\n        space = login_projects.get(HOST + \"/spaces\").json()[0]\n        space_column_id = space[\"columns\"][0][\"id\"]\n        response = login_projects.post(\n            HOST + \"/projects\",\n            json={\n                \"name\": \"Проект2\",\n                \"spaceColumnId\": space_column_id,\n                \"color\": \"string\",\n                \"responsibleId\": None,\n                \"postponingTaskDayCount\": post_task_day_count,\n            },\n        )\n>       assert response.status_code == 400\nE       assert 201 == 400\nE        +  where 201 = <Response [201]>.status_code\n\ntests\\4 test_projects\\test_projects.py:162: AssertionError","flaky":false,"newFailed":false,"newBroken":false,"newPassed":false,"retriesCount":2,"retriesStatusChange":false,"beforeStages":[{"name":"database","time":{"start":1694356208592,"stop":1694356208615,"duration":23},"status":"passed","steps":[],"attachments":[],"parameters":[],"stepsCount":0,"hasContent":false,"shouldDisplayMessage":false,"attachmentsCount":0},{"name":"login_projects","time":{"start":1694356246073,"stop":1694356246677,"duration":604},"status":"passed","steps":[],"attachments":[],"parameters":[],"stepsCount":0,"hasContent":false,"shouldDisplayMessage":false,"attachmentsCount":0}],"afterStages":[{"name":"login_projects::0","time":{"start":1694356275895,"stop":1694356275898,"duration":3},"status":"passed","steps":[],"attachments":[],"parameters":[],"stepsCount":0,"hasContent":false,"shouldDisplayMessage":false,"attachmentsCount":0},{"name":"database::0","time":{"start":1694356275926,"stop":1694356275927,"duration":1},"status":"passed","steps":[],"attachments":[],"parameters":[],"stepsCount":0,"hasContent":false,"shouldDisplayMessage":false,"attachmentsCount":0}],"labels":[{"name":"parentSuite","value":"tests.4 test_projects"},{"name":"suite","value":"test_projects"},{"name":"host","value":"WIN-V4MLJNPG1BI"},{"name":"thread","value":"17680-MainThread"},{"name":"framework","value":"pytest"},{"name":"language","value":"cpython3"},{"name":"package","value":"tests.4 test_projects.test_projects"},{"name":"resultFormat","value":"allure2"}],"parameters":[{"name":"post_task_day_count","value":"-10"}],"links":[],"hidden":false,"retry":false,"extra":{"severity":"normal","retries":[{"uid":"945937be3f40c874","status":"failed","statusDetails":"AssertionError: assert 201 == 400\n +  where 201 = <Response [201]>.status_code","time":{"start":1694346482072,"stop":1694346482128,"duration":56}},{"uid":"208a22a0008c292","status":"failed","statusDetails":"AssertionError: assert 201 == 400\n +  where 201 = <Response [201]>.status_code","time":{"start":1694346177707,"stop":1694346177760,"duration":53}}],"categories":[{"name":"Product defects","matchedStatuses":[],"flaky":false}],"tags":[]},"source":"11c688499049fa7a.json","parameterValues":["-10"]}
