{"uid":"24aace3127cf76f9","name":"PATCH /projects/updateProjectStage/moveProject","fullName":"tests.4 test_projects.test_projects#test_69_update_project_stage","historyId":"3d1f658ab12f190a26021a9775da42a3","time":{"start":1694356262364,"stop":1694356262400,"duration":36},"status":"failed","statusMessage":"AssertionError: assert 500 == 400\n +  where 500 = <Response [500]>.status_code","statusTrace":"login_projects = <requests.sessions.Session object at 0x000001F8F37D7F10>\nproject_id = 7\n\n    @allure.title(\"PATCH /projects/updateProjectStage/moveProject\")\n    @pytest.mark.parametrize(\"project_id\", valid_ids)\n    def test_69_update_project_stage(login_projects, project_id):\n        project = login_projects.get(HOST + \"/projects/all-projects\").json()[0]\n        project_stage_id = project[\"stages\"][0][\"id\"]\n        response = login_projects.patch(\n            HOST + f\"/projects/updateProjectStage/moveProject\",\n            json={\"stageId\": project_stage_id, \"newProjectId\": project_id},\n        )\n>       assert response.status_code == 400\nE       assert 500 == 400\nE        +  where 500 = <Response [500]>.status_code\n\ntests\\4 test_projects\\test_projects.py:868: AssertionError","flaky":false,"newFailed":false,"newBroken":false,"newPassed":false,"retriesCount":2,"retriesStatusChange":false,"beforeStages":[{"name":"database","time":{"start":1694356208592,"stop":1694356208615,"duration":23},"status":"passed","steps":[],"attachments":[],"parameters":[],"stepsCount":0,"hasContent":false,"shouldDisplayMessage":false,"attachmentsCount":0},{"name":"login_projects","time":{"start":1694356246073,"stop":1694356246677,"duration":604},"status":"passed","steps":[],"attachments":[],"parameters":[],"stepsCount":0,"hasContent":false,"shouldDisplayMessage":false,"attachmentsCount":0}],"afterStages":[{"name":"login_projects::0","time":{"start":1694356275895,"stop":1694356275898,"duration":3},"status":"passed","steps":[],"attachments":[],"parameters":[],"stepsCount":0,"hasContent":false,"shouldDisplayMessage":false,"attachmentsCount":0},{"name":"database::0","time":{"start":1694356275926,"stop":1694356275927,"duration":1},"status":"passed","steps":[],"attachments":[],"parameters":[],"stepsCount":0,"hasContent":false,"shouldDisplayMessage":false,"attachmentsCount":0}],"labels":[{"name":"parentSuite","value":"tests.4 test_projects"},{"name":"suite","value":"test_projects"},{"name":"host","value":"WIN-V4MLJNPG1BI"},{"name":"thread","value":"17680-MainThread"},{"name":"framework","value":"pytest"},{"name":"language","value":"cpython3"},{"name":"package","value":"tests.4 test_projects.test_projects"},{"name":"resultFormat","value":"allure2"}],"parameters":[{"name":"project_id","value":"7"}],"links":[],"hidden":false,"retry":false,"extra":{"severity":"normal","retries":[{"uid":"a90e3172c73d0ed1","status":"failed","statusDetails":"AssertionError: assert 500 == 400\n +  where 500 = <Response [500]>.status_code","time":{"start":1694346496690,"stop":1694346496730,"duration":40}},{"uid":"c84cff0ea75b3e16","status":"failed","statusDetails":"AssertionError: assert 500 == 400\n +  where 500 = <Response [500]>.status_code","time":{"start":1694346191692,"stop":1694346191733,"duration":41}}],"categories":[{"name":"Product defects","matchedStatuses":[],"flaky":false}],"tags":[]},"source":"24aace3127cf76f9.json","parameterValues":["7"]}
