{"uid":"34d0b98c72693c75","name":"GET /projects/project_id/storageTasks/page","fullName":"tests.4 test_projects.test_projects#test_87_get_storage_task_into_project","historyId":"1f081aa35113fc2c8fb93710029bbd56","time":{"start":1694356267523,"stop":1694356267564,"duration":41},"status":"failed","statusMessage":"AssertionError: assert 500 == 400\n +  where 500 = <Response [500]>.status_code","statusTrace":"login_projects = <requests.sessions.Session object at 0x000001F8F37D7F10>\npage = 122222222222222222...2222222222222222222\n\n    @allure.title(\"GET /projects/project_id/storageTasks/page\")\n    @pytest.mark.parametrize(\"page\", invalid_space_id)\n    def test_87_get_storage_task_into_project(login_projects, page):\n        project = login_projects.get(HOST + \"/projects/all-projects\").json()[0]\n        project_id = project[\"id\"]\n        response = login_projects.get(HOST + f\"/projects/{project_id}/storageTasks/{page}\")\n>       assert response.status_code == 400\nE       assert 500 == 400\nE        +  where 500 = <Response [500]>.status_code\n\ntests\\4 test_projects\\test_projects.py:1032: AssertionError","flaky":false,"newFailed":false,"newBroken":false,"newPassed":false,"retriesCount":2,"retriesStatusChange":false,"beforeStages":[{"name":"database","time":{"start":1694356208592,"stop":1694356208615,"duration":23},"status":"passed","steps":[],"attachments":[],"parameters":[],"stepsCount":0,"hasContent":false,"shouldDisplayMessage":false,"attachmentsCount":0},{"name":"login_projects","time":{"start":1694356246073,"stop":1694356246677,"duration":604},"status":"passed","steps":[],"attachments":[],"parameters":[],"stepsCount":0,"hasContent":false,"shouldDisplayMessage":false,"attachmentsCount":0}],"afterStages":[{"name":"login_projects::0","time":{"start":1694356275895,"stop":1694356275898,"duration":3},"status":"passed","steps":[],"attachments":[],"parameters":[],"stepsCount":0,"hasContent":false,"shouldDisplayMessage":false,"attachmentsCount":0},{"name":"database::0","time":{"start":1694356275926,"stop":1694356275927,"duration":1},"status":"passed","steps":[],"attachments":[],"parameters":[],"stepsCount":0,"hasContent":false,"shouldDisplayMessage":false,"attachmentsCount":0}],"labels":[{"name":"parentSuite","value":"tests.4 test_projects"},{"name":"suite","value":"test_projects"},{"name":"host","value":"WIN-V4MLJNPG1BI"},{"name":"thread","value":"17680-MainThread"},{"name":"framework","value":"pytest"},{"name":"language","value":"cpython3"},{"name":"package","value":"tests.4 test_projects.test_projects"},{"name":"resultFormat","value":"allure2"}],"parameters":[{"name":"page","value":"12222222222222222222222222222222222222222222222222222222222222222222222222222222222"}],"links":[],"hidden":false,"retry":false,"extra":{"severity":"normal","retries":[{"uid":"843f3a3986975cba","status":"failed","statusDetails":"AssertionError: assert 500 == 400\n +  where 500 = <Response [500]>.status_code","time":{"start":1694346501621,"stop":1694346501671,"duration":50}},{"uid":"4a169d76a70c20a0","status":"failed","statusDetails":"AssertionError: assert 500 == 400\n +  where 500 = <Response [500]>.status_code","time":{"start":1694346196313,"stop":1694346196357,"duration":44}}],"categories":[{"name":"Product defects","matchedStatuses":[],"flaky":false}],"tags":[]},"source":"34d0b98c72693c75.json","parameterValues":["12222222222222222222222222222222222222222222222222222222222222222222222222222222222"]}
