{"uid":"3bc5c6d32c954cce","name":"PATCH /projects/updateStageOrder/stage_id","fullName":"tests.4 test_projects.test_projects#test_65_update_stage_order_with_invalid_stage_id","historyId":"41b7be8d6189b9a16c2586609dbc33a4","time":{"start":1694346191066,"stop":1694346191080,"duration":14},"status":"failed","statusMessage":"AssertionError: assert 500 == 400\n +  where 500 = <Response [500]>.status_code","statusTrace":"login_projects = <requests.sessions.Session object at 0x00000279D2BB7890>\nproject_stage_id = 666\n\n    @allure.title(\"PATCH /projects/updateStageOrder/stage_id\")\n    @pytest.mark.parametrize(\"project_stage_id\", valid_ids)\n    def test_65_update_stage_order_with_invalid_stage_id(login_projects, project_stage_id):\n        response = login_projects.patch(\n            HOST + f\"/projects/updateStageOrder/{project_stage_id}\", json={\"order\": 1}\n        )\n>       assert response.status_code == 400\nE       assert 500 == 400\nE        +  where 500 = <Response [500]>.status_code\n\ntests\\4 test_projects\\test_projects.py:820: AssertionError","flaky":false,"newFailed":false,"newBroken":false,"newPassed":false,"retriesCount":0,"retriesStatusChange":false,"beforeStages":[{"name":"database","time":{"start":1694346138359,"stop":1694346138364,"duration":5},"status":"passed","steps":[],"attachments":[],"parameters":[],"stepsCount":0,"hasContent":false,"shouldDisplayMessage":false,"attachmentsCount":0},{"name":"login_projects","time":{"start":1694346175290,"stop":1694346175910,"duration":620},"status":"passed","steps":[],"attachments":[],"parameters":[],"stepsCount":0,"hasContent":false,"shouldDisplayMessage":false,"attachmentsCount":0}],"afterStages":[{"name":"login_projects::0","time":{"start":1694346201986,"stop":1694346202006,"duration":20},"status":"passed","steps":[],"attachments":[],"parameters":[],"stepsCount":0,"hasContent":false,"shouldDisplayMessage":false,"attachmentsCount":0},{"name":"database::0","time":{"start":1694346202025,"stop":1694346202025,"duration":0},"status":"passed","steps":[],"attachments":[],"parameters":[],"stepsCount":0,"hasContent":false,"shouldDisplayMessage":false,"attachmentsCount":0}],"labels":[{"name":"parentSuite","value":"tests.4 test_projects"},{"name":"suite","value":"test_projects"},{"name":"host","value":"WIN-V4MLJNPG1BI"},{"name":"thread","value":"14936-MainThread"},{"name":"framework","value":"pytest"},{"name":"language","value":"cpython3"},{"name":"package","value":"tests.4 test_projects.test_projects"},{"name":"resultFormat","value":"allure2"}],"parameters":[{"name":"project_stage_id","value":"666"}],"links":[],"hidden":true,"retry":true,"extra":{"categories":[],"tags":[]},"source":"3bc5c6d32c954cce.json","parameterValues":["666"]}
