{"uid":"3f5a93eb4ceef84d","name":"POST /projects/project_id/stages","fullName":"tests.4 test_projects.test_projects#test_35_create_stage_into_project_with_invalid_name","historyId":"ee226c4b8bb2b9d76ec649264300c910","time":{"start":1694356253682,"stop":1694356253726,"duration":44},"status":"failed","statusMessage":"AssertionError: assert 201 == 400\n +  where 201 = <Response [201]>.status_code","statusTrace":"login_projects = <requests.sessions.Session object at 0x000001F8F37D7F10>\nname = ' '\n\n    @allure.title(\"POST /projects/project_id/stages\")\n    @pytest.mark.parametrize(\"name\", invalid_names)\n    def test_35_create_stage_into_project_with_invalid_name(login_projects, name):\n        project = login_projects.get(HOST + \"/projects/all-projects\").json()[0]\n        project_id = project[\"id\"]\n        response = login_projects.post(\n            HOST + f\"/projects/{project_id}/stages\",\n            json={\"name\": name, \"order\": 0, \"tasks\": []},\n        )\n>       assert response.status_code == 400\nE       assert 201 == 400\nE        +  where 201 = <Response [201]>.status_code\n\ntests\\4 test_projects\\test_projects.py:477: AssertionError","flaky":false,"newFailed":false,"newBroken":false,"newPassed":false,"retriesCount":2,"retriesStatusChange":false,"beforeStages":[{"name":"database","time":{"start":1694356208592,"stop":1694356208615,"duration":23},"status":"passed","steps":[],"attachments":[],"parameters":[],"stepsCount":0,"hasContent":false,"shouldDisplayMessage":false,"attachmentsCount":0},{"name":"login_projects","time":{"start":1694356246073,"stop":1694356246677,"duration":604},"status":"passed","steps":[],"attachments":[],"parameters":[],"stepsCount":0,"hasContent":false,"shouldDisplayMessage":false,"attachmentsCount":0}],"afterStages":[{"name":"login_projects::0","time":{"start":1694356275895,"stop":1694356275898,"duration":3},"status":"passed","steps":[],"attachments":[],"parameters":[],"stepsCount":0,"hasContent":false,"shouldDisplayMessage":false,"attachmentsCount":0},{"name":"database::0","time":{"start":1694356275926,"stop":1694356275927,"duration":1},"status":"passed","steps":[],"attachments":[],"parameters":[],"stepsCount":0,"hasContent":false,"shouldDisplayMessage":false,"attachmentsCount":0}],"labels":[{"name":"parentSuite","value":"tests.4 test_projects"},{"name":"suite","value":"test_projects"},{"name":"host","value":"WIN-V4MLJNPG1BI"},{"name":"thread","value":"17680-MainThread"},{"name":"framework","value":"pytest"},{"name":"language","value":"cpython3"},{"name":"package","value":"tests.4 test_projects.test_projects"},{"name":"resultFormat","value":"allure2"}],"parameters":[{"name":"name","value":"' '"}],"links":[],"hidden":false,"retry":false,"extra":{"severity":"normal","retries":[{"uid":"fbb99532e9655e1","status":"failed","statusDetails":"AssertionError: assert 201 == 400\n +  where 201 = <Response [201]>.status_code","time":{"start":1694346487686,"stop":1694346487737,"duration":51}},{"uid":"2b7f46bd98de91ab","status":"failed","statusDetails":"AssertionError: assert 201 == 400\n +  where 201 = <Response [201]>.status_code","time":{"start":1694346183090,"stop":1694346183144,"duration":54}}],"categories":[{"name":"Product defects","matchedStatuses":[],"flaky":false}],"tags":[]},"source":"3f5a93eb4ceef84d.json","parameterValues":["' '"]}
