{"uid":"4ce19089654859ba","name":"PATCH /projects/project_id/description","fullName":"tests.4 test_projects.test_projects#test_45_change_project_description_with_invalid_project_id","historyId":"ec9bc996d280662e786b0f4ec8a1caf5","time":{"start":1694356255829,"stop":1694356255835,"duration":6},"status":"failed","statusMessage":"AssertionError: assert 500 == 400\n +  where 500 = <Response [500]>.status_code","statusTrace":"login_projects = <requests.sessions.Session object at 0x000001F8F37D7F10>\nproject_id = 122222222222222222...2222222222222222222\n\n    @allure.title(\"PATCH /projects/project_id/description\")\n    @pytest.mark.parametrize(\"project_id\", invalid_space_id)\n    def test_45_change_project_description_with_invalid_project_id(\n        login_projects, project_id\n    ):\n        response = login_projects.patch(\n            HOST + f\"/projects/{project_id}/description\", json={\"description\": \"\"}\n        )\n>       assert response.status_code == 400\nE       assert 500 == 400\nE        +  where 500 = <Response [500]>.status_code\n\ntests\\4 test_projects\\test_projects.py:580: AssertionError","flaky":false,"newFailed":false,"newBroken":false,"newPassed":false,"retriesCount":2,"retriesStatusChange":false,"beforeStages":[{"name":"database","time":{"start":1694356208592,"stop":1694356208615,"duration":23},"status":"passed","steps":[],"attachments":[],"parameters":[],"stepsCount":0,"hasContent":false,"shouldDisplayMessage":false,"attachmentsCount":0},{"name":"login_projects","time":{"start":1694356246073,"stop":1694356246677,"duration":604},"status":"passed","steps":[],"attachments":[],"parameters":[],"stepsCount":0,"hasContent":false,"shouldDisplayMessage":false,"attachmentsCount":0}],"afterStages":[{"name":"login_projects::0","time":{"start":1694356275895,"stop":1694356275898,"duration":3},"status":"passed","steps":[],"attachments":[],"parameters":[],"stepsCount":0,"hasContent":false,"shouldDisplayMessage":false,"attachmentsCount":0},{"name":"database::0","time":{"start":1694356275926,"stop":1694356275927,"duration":1},"status":"passed","steps":[],"attachments":[],"parameters":[],"stepsCount":0,"hasContent":false,"shouldDisplayMessage":false,"attachmentsCount":0}],"labels":[{"name":"parentSuite","value":"tests.4 test_projects"},{"name":"suite","value":"test_projects"},{"name":"host","value":"WIN-V4MLJNPG1BI"},{"name":"thread","value":"17680-MainThread"},{"name":"framework","value":"pytest"},{"name":"language","value":"cpython3"},{"name":"package","value":"tests.4 test_projects.test_projects"},{"name":"resultFormat","value":"allure2"}],"parameters":[{"name":"project_id","value":"12222222222222222222222222222222222222222222222222222222222222222222222222222222222"}],"links":[],"hidden":false,"retry":false,"extra":{"severity":"normal","retries":[{"uid":"eb82936fdd0e062a","status":"failed","statusDetails":"AssertionError: assert 500 == 400\n +  where 500 = <Response [500]>.status_code","time":{"start":1694346489936,"stop":1694346489942,"duration":6}},{"uid":"6f276987678435d8","status":"failed","statusDetails":"AssertionError: assert 500 == 400\n +  where 500 = <Response [500]>.status_code","time":{"start":1694346185193,"stop":1694346185199,"duration":6}}],"categories":[{"name":"Product defects","matchedStatuses":[],"flaky":false}],"tags":[]},"source":"4ce19089654859ba.json","parameterValues":["12222222222222222222222222222222222222222222222222222222222222222222222222222222222"]}
