{"uid":"4d29f33d4799c564","name":"PATCH /projects/project_id","fullName":"tests.4 test_projects.test_projects#test_11_change_project_with_invalid_name","historyId":"464ead8a447975dd7b1d55b3debef4ee","time":{"start":1694356248562,"stop":1694356248619,"duration":57},"status":"failed","statusMessage":"AssertionError: assert 200 == 400\n +  where 200 = <Response [200]>.status_code","statusTrace":"login_projects = <requests.sessions.Session object at 0x000001F8F37D7F10>\nname = ' '\n\n    @allure.title(\"PATCH /projects/project_id\")\n    @pytest.mark.parametrize(\"name\", invalid_names)\n    def test_11_change_project_with_invalid_name(login_projects, name):\n        project = login_projects.get(HOST + \"/projects/all-projects\").json()[0]\n        project_id = project[\"id\"]\n        response = login_projects.patch(\n            HOST + f\"/projects/{project_id}\",\n            json={\n                \"name\": name,\n                \"color\": \"string\",\n                \"responsibleId\": None,\n                \"postponingTaskDayCount\": 0,\n            },\n        )\n>       assert response.status_code == 400\nE       assert 200 == 400\nE        +  where 200 = <Response [200]>.status_code\n\ntests\\4 test_projects\\test_projects.py:195: AssertionError","flaky":false,"newFailed":false,"newBroken":false,"newPassed":false,"retriesCount":2,"retriesStatusChange":false,"beforeStages":[{"name":"database","time":{"start":1694356208592,"stop":1694356208615,"duration":23},"status":"passed","steps":[],"attachments":[],"parameters":[],"stepsCount":0,"hasContent":false,"shouldDisplayMessage":false,"attachmentsCount":0},{"name":"login_projects","time":{"start":1694356246073,"stop":1694356246677,"duration":604},"status":"passed","steps":[],"attachments":[],"parameters":[],"stepsCount":0,"hasContent":false,"shouldDisplayMessage":false,"attachmentsCount":0}],"afterStages":[{"name":"login_projects::0","time":{"start":1694356275895,"stop":1694356275898,"duration":3},"status":"passed","steps":[],"attachments":[],"parameters":[],"stepsCount":0,"hasContent":false,"shouldDisplayMessage":false,"attachmentsCount":0},{"name":"database::0","time":{"start":1694356275926,"stop":1694356275927,"duration":1},"status":"passed","steps":[],"attachments":[],"parameters":[],"stepsCount":0,"hasContent":false,"shouldDisplayMessage":false,"attachmentsCount":0}],"labels":[{"name":"parentSuite","value":"tests.4 test_projects"},{"name":"suite","value":"test_projects"},{"name":"host","value":"WIN-V4MLJNPG1BI"},{"name":"thread","value":"17680-MainThread"},{"name":"framework","value":"pytest"},{"name":"language","value":"cpython3"},{"name":"package","value":"tests.4 test_projects.test_projects"},{"name":"resultFormat","value":"allure2"}],"parameters":[{"name":"name","value":"' '"}],"links":[],"hidden":false,"retry":false,"extra":{"severity":"normal","retries":[{"uid":"d72e5bbfb62f685f","status":"failed","statusDetails":"AssertionError: assert 200 == 400\n +  where 200 = <Response [200]>.status_code","time":{"start":1694346482316,"stop":1694346482368,"duration":52}},{"uid":"f5f221e22b5eb01d","status":"failed","statusDetails":"AssertionError: assert 200 == 400\n +  where 200 = <Response [200]>.status_code","time":{"start":1694346177950,"stop":1694346178000,"duration":50}}],"categories":[{"name":"Product defects","matchedStatuses":[],"flaky":false}],"tags":[]},"source":"4d29f33d4799c564.json","parameterValues":["' '"]}
