{"uid":"64a16ea326ed4108","name":"PATCH /projects/updateStageOrder/stage_id","fullName":"tests.4 test_projects.test_projects#test_65_update_stage_order_with_invalid_stage_id","historyId":"68a811d609378ef0291a1ebd9f6c1877","time":{"start":1694356261380,"stop":1694356261394,"duration":14},"status":"failed","statusMessage":"AssertionError: assert 500 == 400\n +  where 500 = <Response [500]>.status_code","statusTrace":"login_projects = <requests.sessions.Session object at 0x000001F8F37D7F10>\nproject_stage_id = 3\n\n    @allure.title(\"PATCH /projects/updateStageOrder/stage_id\")\n    @pytest.mark.parametrize(\"project_stage_id\", valid_ids)\n    def test_65_update_stage_order_with_invalid_stage_id(login_projects, project_stage_id):\n        response = login_projects.patch(\n            HOST + f\"/projects/updateStageOrder/{project_stage_id}\", json={\"order\": 1}\n        )\n>       assert response.status_code == 400\nE       assert 500 == 400\nE        +  where 500 = <Response [500]>.status_code\n\ntests\\4 test_projects\\test_projects.py:820: AssertionError","flaky":false,"newFailed":false,"newBroken":false,"newPassed":false,"retriesCount":2,"retriesStatusChange":false,"beforeStages":[{"name":"database","time":{"start":1694356208592,"stop":1694356208615,"duration":23},"status":"passed","steps":[],"attachments":[],"parameters":[],"stepsCount":0,"hasContent":false,"shouldDisplayMessage":false,"attachmentsCount":0},{"name":"login_projects","time":{"start":1694356246073,"stop":1694356246677,"duration":604},"status":"passed","steps":[],"attachments":[],"parameters":[],"stepsCount":0,"hasContent":false,"shouldDisplayMessage":false,"attachmentsCount":0}],"afterStages":[{"name":"login_projects::0","time":{"start":1694356275895,"stop":1694356275898,"duration":3},"status":"passed","steps":[],"attachments":[],"parameters":[],"stepsCount":0,"hasContent":false,"shouldDisplayMessage":false,"attachmentsCount":0},{"name":"database::0","time":{"start":1694356275926,"stop":1694356275927,"duration":1},"status":"passed","steps":[],"attachments":[],"parameters":[],"stepsCount":0,"hasContent":false,"shouldDisplayMessage":false,"attachmentsCount":0}],"labels":[{"name":"parentSuite","value":"tests.4 test_projects"},{"name":"suite","value":"test_projects"},{"name":"host","value":"WIN-V4MLJNPG1BI"},{"name":"thread","value":"17680-MainThread"},{"name":"framework","value":"pytest"},{"name":"language","value":"cpython3"},{"name":"package","value":"tests.4 test_projects.test_projects"},{"name":"resultFormat","value":"allure2"}],"parameters":[{"name":"project_stage_id","value":"3"}],"links":[],"hidden":false,"retry":false,"extra":{"severity":"normal","retries":[{"uid":"4b0c2918905e82e7","status":"failed","statusDetails":"AssertionError: assert 500 == 400\n +  where 500 = <Response [500]>.status_code","time":{"start":1694346495658,"stop":1694346495675,"duration":17}},{"uid":"26c0419e6c31da3e","status":"failed","statusDetails":"AssertionError: assert 500 == 400\n +  where 500 = <Response [500]>.status_code","time":{"start":1694346190720,"stop":1694346190735,"duration":15}}],"categories":[{"name":"Product defects","matchedStatuses":[],"flaky":false}],"tags":[]},"source":"64a16ea326ed4108.json","parameterValues":["3"]}
