{"uid":"8e5d5f3ca1e73b75","name":"PATCH /projects/project_id/stages/stage_id/limit","fullName":"tests.4 test_projects.test_projects#test_63_change_project_stage_limit","historyId":"40c5bb6f27253d101f5a79156b85547d","time":{"start":1694356261102,"stop":1694356261147,"duration":45},"status":"failed","statusMessage":"AssertionError: assert 200 == 400\n +  where 200 = <Response [200]>.status_code","statusTrace":"login_projects = <requests.sessions.Session object at 0x000001F8F37D7F10>\ntask_limit = 122222222222222222...2222222222222222222\n\n    @allure.title(\"PATCH /projects/project_id/stages/stage_id/limit\")\n    @pytest.mark.parametrize(\"task_limit\", invalid_project_limit)\n    def test_63_change_project_stage_limit(login_projects, task_limit):\n        project = login_projects.get(HOST + \"/projects/all-projects\").json()[0]\n        project_id = project[\"id\"]\n        project_stage_id = project[\"stages\"][0][\"id\"]\n        response = login_projects.patch(\n            HOST + f\"/projects/{project_id}/stages/{project_stage_id}/limit\",\n            json={\"taskLimit\": task_limit},\n        )\n>       assert response.status_code == 400\nE       assert 200 == 400\nE        +  where 200 = <Response [200]>.status_code\n\ntests\\4 test_projects\\test_projects.py:792: AssertionError","flaky":false,"newFailed":false,"newBroken":false,"newPassed":false,"retriesCount":2,"retriesStatusChange":false,"beforeStages":[{"name":"database","time":{"start":1694356208592,"stop":1694356208615,"duration":23},"status":"passed","steps":[],"attachments":[],"parameters":[],"stepsCount":0,"hasContent":false,"shouldDisplayMessage":false,"attachmentsCount":0},{"name":"login_projects","time":{"start":1694356246073,"stop":1694356246677,"duration":604},"status":"passed","steps":[],"attachments":[],"parameters":[],"stepsCount":0,"hasContent":false,"shouldDisplayMessage":false,"attachmentsCount":0}],"afterStages":[{"name":"login_projects::0","time":{"start":1694356275895,"stop":1694356275898,"duration":3},"status":"passed","steps":[],"attachments":[],"parameters":[],"stepsCount":0,"hasContent":false,"shouldDisplayMessage":false,"attachmentsCount":0},{"name":"database::0","time":{"start":1694356275926,"stop":1694356275927,"duration":1},"status":"passed","steps":[],"attachments":[],"parameters":[],"stepsCount":0,"hasContent":false,"shouldDisplayMessage":false,"attachmentsCount":0}],"labels":[{"name":"parentSuite","value":"tests.4 test_projects"},{"name":"suite","value":"test_projects"},{"name":"host","value":"WIN-V4MLJNPG1BI"},{"name":"thread","value":"17680-MainThread"},{"name":"framework","value":"pytest"},{"name":"language","value":"cpython3"},{"name":"package","value":"tests.4 test_projects.test_projects"},{"name":"resultFormat","value":"allure2"}],"parameters":[{"name":"task_limit","value":"12222222222222222222222222222222222222222222222222222222222222222222222222222222222"}],"links":[],"hidden":false,"retry":false,"extra":{"severity":"normal","retries":[{"uid":"83233692b84ab01","status":"failed","statusDetails":"AssertionError: assert 200 == 400\n +  where 200 = <Response [200]>.status_code","time":{"start":1694346495422,"stop":1694346495469,"duration":47}},{"uid":"2f8345c5727c0f06","status":"failed","statusDetails":"AssertionError: assert 200 == 400\n +  where 200 = <Response [200]>.status_code","time":{"start":1694346190450,"stop":1694346190496,"duration":46}}],"categories":[{"name":"Product defects","matchedStatuses":[],"flaky":false}],"tags":[]},"source":"8e5d5f3ca1e73b75.json","parameterValues":["12222222222222222222222222222222222222222222222222222222222222222222222222222222222"]}
