{"uid":"9cc100e635e387cc","name":"PATCH /projects/project_id","fullName":"tests.4 test_projects.test_projects#test_13_change_project_with_invalid_project_id","historyId":"7acc4dc58b3ec102eb6c310f1020d8bc","time":{"start":1694356248788,"stop":1694356248796,"duration":8},"status":"failed","statusMessage":"AssertionError: assert 500 == 400\n +  where 500 = <Response [500]>.status_code","statusTrace":"login_projects = <requests.sessions.Session object at 0x000001F8F37D7F10>\nproject_id = 3\n\n    @allure.title(\"PATCH /projects/project_id\")\n    @pytest.mark.parametrize(\"project_id\", valid_ids)\n    def test_13_change_project_with_invalid_project_id(login_projects, project_id):\n        response = login_projects.patch(\n            HOST + f\"/projects/{project_id}\",\n            json={\n                \"name\": \"Проект\",\n                \"color\": \"string\",\n                \"responsibleId\": None,\n                \"postponingTaskDayCount\": 0,\n            },\n        )\n>       assert response.status_code == 400\nE       assert 500 == 400\nE        +  where 500 = <Response [500]>.status_code\n\ntests\\4 test_projects\\test_projects.py:225: AssertionError","flaky":false,"newFailed":false,"newBroken":false,"newPassed":false,"retriesCount":2,"retriesStatusChange":false,"beforeStages":[{"name":"database","time":{"start":1694356208592,"stop":1694356208615,"duration":23},"status":"passed","steps":[],"attachments":[],"parameters":[],"stepsCount":0,"hasContent":false,"shouldDisplayMessage":false,"attachmentsCount":0},{"name":"login_projects","time":{"start":1694356246073,"stop":1694356246677,"duration":604},"status":"passed","steps":[],"attachments":[],"parameters":[],"stepsCount":0,"hasContent":false,"shouldDisplayMessage":false,"attachmentsCount":0}],"afterStages":[{"name":"login_projects::0","time":{"start":1694356275895,"stop":1694356275898,"duration":3},"status":"passed","steps":[],"attachments":[],"parameters":[],"stepsCount":0,"hasContent":false,"shouldDisplayMessage":false,"attachmentsCount":0},{"name":"database::0","time":{"start":1694356275926,"stop":1694356275927,"duration":1},"status":"passed","steps":[],"attachments":[],"parameters":[],"stepsCount":0,"hasContent":false,"shouldDisplayMessage":false,"attachmentsCount":0}],"labels":[{"name":"parentSuite","value":"tests.4 test_projects"},{"name":"suite","value":"test_projects"},{"name":"host","value":"WIN-V4MLJNPG1BI"},{"name":"thread","value":"17680-MainThread"},{"name":"framework","value":"pytest"},{"name":"language","value":"cpython3"},{"name":"package","value":"tests.4 test_projects.test_projects"},{"name":"resultFormat","value":"allure2"}],"parameters":[{"name":"project_id","value":"3"}],"links":[],"hidden":false,"retry":false,"extra":{"severity":"normal","retries":[{"uid":"7914c848e03bf07e","status":"failed","statusDetails":"AssertionError: assert 500 == 400\n +  where 500 = <Response [500]>.status_code","time":{"start":1694346482545,"stop":1694346482552,"duration":7}},{"uid":"f8f3d368e7c811cf","status":"failed","statusDetails":"AssertionError: assert 500 == 400\n +  where 500 = <Response [500]>.status_code","time":{"start":1694346178176,"stop":1694346178185,"duration":9}}],"categories":[{"name":"Product defects","matchedStatuses":[],"flaky":false}],"tags":[]},"source":"9cc100e635e387cc.json","parameterValues":["3"]}
