{"uid":"a157f2e42078369f","name":"PATCH /projects/project_id/changeColumn/column_id","fullName":"tests.4 test_projects.test_projects#test_108_change_project_into_new_column","historyId":"4cb3d96ad82907bddaf9a4c9d90969eb","time":{"start":1694356272167,"stop":1694356272214,"duration":47},"status":"failed","statusMessage":"AssertionError: assert 500 == 400\n +  where 500 = <Response [500]>.status_code","statusTrace":"login_projects = <requests.sessions.Session object at 0x000001F8F37D7F10>\nspace_column_id = 1\n\n    @allure.title(\"PATCH /projects/project_id/changeColumn/column_id\")\n    @pytest.mark.parametrize(\"space_column_id\", valid_ids)\n    def test_108_change_project_into_new_column(login_projects, space_column_id):\n        project = login_projects.get(HOST + \"/projects/all-projects\").json()[0]\n        project_id = project[\"id\"]\n        response = login_projects.patch(\n            HOST + f\"/projects/{project_id}/changeColumn/{space_column_id}\"\n        )\n>       assert response.status_code == 400\nE       assert 500 == 400\nE        +  where 500 = <Response [500]>.status_code\n\ntests\\4 test_projects\\test_projects.py:1271: AssertionError","flaky":false,"newFailed":false,"newBroken":false,"newPassed":false,"retriesCount":2,"retriesStatusChange":false,"beforeStages":[{"name":"database","time":{"start":1694356208592,"stop":1694356208615,"duration":23},"status":"passed","steps":[],"attachments":[],"parameters":[],"stepsCount":0,"hasContent":false,"shouldDisplayMessage":false,"attachmentsCount":0},{"name":"login_projects","time":{"start":1694356246073,"stop":1694356246677,"duration":604},"status":"passed","steps":[],"attachments":[],"parameters":[],"stepsCount":0,"hasContent":false,"shouldDisplayMessage":false,"attachmentsCount":0}],"afterStages":[{"name":"login_projects::0","time":{"start":1694356275895,"stop":1694356275898,"duration":3},"status":"passed","steps":[],"attachments":[],"parameters":[],"stepsCount":0,"hasContent":false,"shouldDisplayMessage":false,"attachmentsCount":0},{"name":"database::0","time":{"start":1694356275926,"stop":1694356275927,"duration":1},"status":"passed","steps":[],"attachments":[],"parameters":[],"stepsCount":0,"hasContent":false,"shouldDisplayMessage":false,"attachmentsCount":0}],"labels":[{"name":"parentSuite","value":"tests.4 test_projects"},{"name":"suite","value":"test_projects"},{"name":"host","value":"WIN-V4MLJNPG1BI"},{"name":"thread","value":"17680-MainThread"},{"name":"framework","value":"pytest"},{"name":"language","value":"cpython3"},{"name":"package","value":"tests.4 test_projects.test_projects"},{"name":"resultFormat","value":"allure2"}],"parameters":[{"name":"space_column_id","value":"1"}],"links":[],"hidden":false,"retry":false,"extra":{"severity":"normal","retries":[{"uid":"c2a3edb3a774298d","status":"failed","statusDetails":"AssertionError: assert 500 == 400\n +  where 500 = <Response [500]>.status_code","time":{"start":1694346506432,"stop":1694346506481,"duration":49}},{"uid":"d9deec79ab70d9c7","status":"failed","statusDetails":"AssertionError: assert 500 == 400\n +  where 500 = <Response [500]>.status_code","time":{"start":1694346200508,"stop":1694346200554,"duration":46}}],"categories":[{"name":"Product defects","matchedStatuses":[],"flaky":false}],"tags":[]},"source":"a157f2e42078369f.json","parameterValues":["1"]}
