{"uid":"c848ff0e8c434dce","name":"PATCH /projects/updateProjectStage/moveProject","fullName":"tests.4 test_projects.test_projects#test_70_update_project_stage","historyId":"4fb87d4adfd524f348b9516c5de25bc1","time":{"start":1694356263018,"stop":1694356263056,"duration":38},"status":"failed","statusMessage":"AssertionError: assert 500 == 400\n +  where 500 = <Response [500]>.status_code","statusTrace":"login_projects = <requests.sessions.Session object at 0x000001F8F37D7F10>\nproject_stage_id = 6\n\n    @allure.title(\"PATCH /projects/updateProjectStage/moveProject\")\n    @pytest.mark.parametrize(\"project_stage_id\", valid_ids)\n    def test_70_update_project_stage(login_projects, project_stage_id):\n        project = login_projects.get(HOST + \"/projects/all-projects\").json()[0]\n        project_id = project[\"id\"]\n        response = login_projects.patch(\n            HOST + f\"/projects/updateProjectStage/moveProject\",\n            json={\"stageId\": project_stage_id, \"newProjectId\": project_id},\n        )\n>       assert response.status_code == 400\nE       assert 500 == 400\nE        +  where 500 = <Response [500]>.status_code\n\ntests\\4 test_projects\\test_projects.py:880: AssertionError","flaky":false,"newFailed":false,"newBroken":false,"newPassed":false,"retriesCount":2,"retriesStatusChange":false,"beforeStages":[{"name":"database","time":{"start":1694356208592,"stop":1694356208615,"duration":23},"status":"passed","steps":[],"attachments":[],"parameters":[],"stepsCount":0,"hasContent":false,"shouldDisplayMessage":false,"attachmentsCount":0},{"name":"login_projects","time":{"start":1694356246073,"stop":1694356246677,"duration":604},"status":"passed","steps":[],"attachments":[],"parameters":[],"stepsCount":0,"hasContent":false,"shouldDisplayMessage":false,"attachmentsCount":0}],"afterStages":[{"name":"login_projects::0","time":{"start":1694356275895,"stop":1694356275898,"duration":3},"status":"passed","steps":[],"attachments":[],"parameters":[],"stepsCount":0,"hasContent":false,"shouldDisplayMessage":false,"attachmentsCount":0},{"name":"database::0","time":{"start":1694356275926,"stop":1694356275927,"duration":1},"status":"passed","steps":[],"attachments":[],"parameters":[],"stepsCount":0,"hasContent":false,"shouldDisplayMessage":false,"attachmentsCount":0}],"labels":[{"name":"parentSuite","value":"tests.4 test_projects"},{"name":"suite","value":"test_projects"},{"name":"host","value":"WIN-V4MLJNPG1BI"},{"name":"thread","value":"17680-MainThread"},{"name":"framework","value":"pytest"},{"name":"language","value":"cpython3"},{"name":"package","value":"tests.4 test_projects.test_projects"},{"name":"resultFormat","value":"allure2"}],"parameters":[{"name":"project_stage_id","value":"6"}],"links":[],"hidden":false,"retry":false,"extra":{"severity":"normal","retries":[{"uid":"158fc1e6ec7e95a0","status":"failed","statusDetails":"AssertionError: assert 500 == 400\n +  where 500 = <Response [500]>.status_code","time":{"start":1694346497434,"stop":1694346497474,"duration":40}},{"uid":"d808e439ceeda691","status":"failed","statusDetails":"AssertionError: assert 500 == 400\n +  where 500 = <Response [500]>.status_code","time":{"start":1694346192391,"stop":1694346192427,"duration":36}}],"categories":[{"name":"Product defects","matchedStatuses":[],"flaky":false}],"tags":[]},"source":"c848ff0e8c434dce.json","parameterValues":["6"]}
