{"uid":"e519f51db41dc7f0","name":"PATCH /projects/project_id/description","fullName":"tests.4 test_projects.test_projects#test_46_change_project_description_with_invalid_project_id","historyId":"80985c8f9298182f4025dcf094c21c76","time":{"start":1694356255894,"stop":1694356255901,"duration":7},"status":"failed","statusMessage":"AssertionError: assert 500 == 400\n +  where 500 = <Response [500]>.status_code","statusTrace":"login_projects = <requests.sessions.Session object at 0x000001F8F37D7F10>\nproject_id = 122222222222222222...2222222222222222222\n\n    @allure.title(\"PATCH /projects/project_id/description\")\n    @pytest.mark.parametrize(\"project_id\", invalid_space_id)\n    def test_46_change_project_description_with_invalid_project_id(\n        login_projects, project_id\n    ):\n        response = login_projects.patch(\n            HOST + f\"/projects/{project_id}/description\", json={\"description\": \"\"}\n        )\n>       assert response.status_code == 400\nE       assert 500 == 400\nE        +  where 500 = <Response [500]>.status_code\n\ntests\\4 test_projects\\test_projects.py:591: AssertionError","flaky":false,"newFailed":false,"newBroken":false,"newPassed":false,"retriesCount":2,"retriesStatusChange":false,"beforeStages":[{"name":"database","time":{"start":1694356208592,"stop":1694356208615,"duration":23},"status":"passed","steps":[],"attachments":[],"parameters":[],"stepsCount":0,"hasContent":false,"shouldDisplayMessage":false,"attachmentsCount":0},{"name":"login_projects","time":{"start":1694356246073,"stop":1694356246677,"duration":604},"status":"passed","steps":[],"attachments":[],"parameters":[],"stepsCount":0,"hasContent":false,"shouldDisplayMessage":false,"attachmentsCount":0}],"afterStages":[{"name":"login_projects::0","time":{"start":1694356275895,"stop":1694356275898,"duration":3},"status":"passed","steps":[],"attachments":[],"parameters":[],"stepsCount":0,"hasContent":false,"shouldDisplayMessage":false,"attachmentsCount":0},{"name":"database::0","time":{"start":1694356275926,"stop":1694356275927,"duration":1},"status":"passed","steps":[],"attachments":[],"parameters":[],"stepsCount":0,"hasContent":false,"shouldDisplayMessage":false,"attachmentsCount":0}],"labels":[{"name":"parentSuite","value":"tests.4 test_projects"},{"name":"suite","value":"test_projects"},{"name":"host","value":"WIN-V4MLJNPG1BI"},{"name":"thread","value":"17680-MainThread"},{"name":"framework","value":"pytest"},{"name":"language","value":"cpython3"},{"name":"package","value":"tests.4 test_projects.test_projects"},{"name":"resultFormat","value":"allure2"}],"parameters":[{"name":"project_id","value":"12222222222222222222222222222222222222222222222222222222222222222222222222222222222"}],"links":[],"hidden":false,"retry":false,"extra":{"severity":"normal","retries":[{"uid":"153b2aa034494a78","status":"failed","statusDetails":"AssertionError: assert 500 == 400\n +  where 500 = <Response [500]>.status_code","time":{"start":1694346489999,"stop":1694346490009,"duration":10}},{"uid":"c61e0473417c38e1","status":"failed","statusDetails":"AssertionError: assert 500 == 400\n +  where 500 = <Response [500]>.status_code","time":{"start":1694346185291,"stop":1694346185297,"duration":6}}],"categories":[{"name":"Product defects","matchedStatuses":[],"flaky":false}],"tags":[]},"source":"e519f51db41dc7f0.json","parameterValues":["12222222222222222222222222222222222222222222222222222222222222222222222222222222222"]}
