{"uid":"ee0d96b139b18763","name":"POST /projects/project_id/stages","fullName":"tests.4 test_projects.test_projects#test_40_create_stage_into_project_with_invalid_task","historyId":"e2277de137d12599cef48425a96eefbc","time":{"start":1694356254559,"stop":1694356254611,"duration":52},"status":"failed","statusMessage":"AssertionError: assert 201 == 400\n +  where 201 = <Response [201]>.status_code","statusTrace":"login_projects = <requests.sessions.Session object at 0x000001F8F37D7F10>\ntask = 3\n\n    @allure.title(\"POST /projects/project_id/stages\")\n    @pytest.mark.parametrize(\"task\", valid_ids)\n    def test_40_create_stage_into_project_with_invalid_task(login_projects, task):\n        project = login_projects.get(HOST + \"/projects/all-projects\").json()[0]\n        project_id = project[\"id\"]\n        response = login_projects.post(\n            HOST + f\"/projects/{project_id}/stages\",\n            json={\"name\": \"Колонка\", \"order\": 0, \"tasks\": [task]},\n        )\n>       assert response.status_code == 400\nE       assert 201 == 400\nE        +  where 201 = <Response [201]>.status_code\n\ntests\\4 test_projects\\test_projects.py:537: AssertionError","flaky":false,"newFailed":false,"newBroken":false,"newPassed":false,"retriesCount":2,"retriesStatusChange":false,"beforeStages":[{"name":"database","time":{"start":1694356208592,"stop":1694356208615,"duration":23},"status":"passed","steps":[],"attachments":[],"parameters":[],"stepsCount":0,"hasContent":false,"shouldDisplayMessage":false,"attachmentsCount":0},{"name":"login_projects","time":{"start":1694356246073,"stop":1694356246677,"duration":604},"status":"passed","steps":[],"attachments":[],"parameters":[],"stepsCount":0,"hasContent":false,"shouldDisplayMessage":false,"attachmentsCount":0}],"afterStages":[{"name":"login_projects::0","time":{"start":1694356275895,"stop":1694356275898,"duration":3},"status":"passed","steps":[],"attachments":[],"parameters":[],"stepsCount":0,"hasContent":false,"shouldDisplayMessage":false,"attachmentsCount":0},{"name":"database::0","time":{"start":1694356275926,"stop":1694356275927,"duration":1},"status":"passed","steps":[],"attachments":[],"parameters":[],"stepsCount":0,"hasContent":false,"shouldDisplayMessage":false,"attachmentsCount":0}],"labels":[{"name":"parentSuite","value":"tests.4 test_projects"},{"name":"suite","value":"test_projects"},{"name":"host","value":"WIN-V4MLJNPG1BI"},{"name":"thread","value":"17680-MainThread"},{"name":"framework","value":"pytest"},{"name":"language","value":"cpython3"},{"name":"package","value":"tests.4 test_projects.test_projects"},{"name":"resultFormat","value":"allure2"}],"parameters":[{"name":"task","value":"3"}],"links":[],"hidden":false,"retry":false,"extra":{"severity":"normal","retries":[{"uid":"2ea2efc21d43626a","status":"failed","statusDetails":"AssertionError: assert 201 == 400\n +  where 201 = <Response [201]>.status_code","time":{"start":1694346488601,"stop":1694346488648,"duration":47}},{"uid":"d30125de6d01a965","status":"failed","statusDetails":"AssertionError: assert 201 == 400\n +  where 201 = <Response [201]>.status_code","time":{"start":1694346183950,"stop":1694346184002,"duration":52}}],"categories":[{"name":"Product defects","matchedStatuses":[],"flaky":false}],"tags":[]},"source":"ee0d96b139b18763.json","parameterValues":["3"]}
